<?xml version="1.0" encoding="UTF-8"?>
<!-- Generated by org.testng.reporters.JUnitXMLReporter -->
<testsuite hostname="sairam-PC" ignored="0" name="Test" tests="4" failures="1" timestamp="2020-07-18T10:22:52 IST" time="56.082" errors="0">
  <testcase name="verifyTitle" time="0.035" classname="basics.FbTitle">
    <failure type="java.lang.AssertionError" message="expected [Facebook] but found [Facebook – log in or sign up]">
      <![CDATA[java.lang.AssertionError: expected [Facebook] but found [Facebook – log in or sign up]
at basics.FbTitle.verifyTitle(FbTitle.java:39)
at java.util.ArrayList.forEach(ArrayList.java:1257)
... Removed 36 stack frames]]>
    </failure>
  </testcase> <!-- verifyTitle -->
  <testcase name="verifyTitle1" time="0.0" classname="basics.FbTitle"/>
  <testcase name="verifyUrl" time="0.008" classname="basics.FbTitle"/>
  <testcase name="verifyUrl" time="3.435" classname="basics.rediffTitle"/>
</testsuite> <!-- Test -->
