-------------------------------------------------------------------------------
Test set: TestSuite
-------------------------------------------------------------------------------
Tests run: 4, Failures: 1, Errors: 0, Skipped: 0, Time elapsed: 57.771 s <<< FAILURE! - in TestSuite
basics.FbTitle.verifyTitle  Time elapsed: 0.001 s  <<< FAILURE!
java.lang.AssertionError: expected [Facebook] but found [Facebook â€“ log in or sign up]
	at basics.FbTitle.verifyTitle(FbTitle.java:39)

